2024-12-13 12:02:36.580245 (378637) main____ INFO    ----------------------------------------
2024-12-13 12:02:36.580313 (378637) main____ INFO    Jasper version info
2024-12-13 12:02:36.580322 (378637) main____ INFO      tool      : Jasper 2024.06
2024-12-13 12:02:36.580330 (378637) main____ INFO      version   : 2024.06p002 64 bits
2024-12-13 12:02:36.580335 (378637) main____ INFO      build date: 2024.09.02 16:28:38 UTC
2024-12-13 12:02:36.580338 (378637) main____ INFO    ----------------------------------------
2024-12-13 12:02:36.580341 (378637) main____ INFO    Runtime info:
2024-12-13 12:02:36.580345 (378637) main____ INFO      platform  : Linux 4.18.0-553.27.1.el8_10.x86_64 x86_64
2024-12-13 12:02:36.580354 (378637) main____ INFO      hostname  : cadpc16
2024-12-13 12:02:36.580361 (378637) main____ INFO      pid       : 378637
2024-12-13 12:02:36.580364 (378637) main____ INFO      arguments : '-style' 'windows' 'fifo_setup.tcl'
2024-12-13 12:02:36.580368 (378637) main____ INFO      locale    : UTF-8
2024-12-13 12:02:36.580371 (378637) main____ INFO    ----------------------------------------
2024-12-13 12:02:36.580373 (378637) main____ INFO    System resource limits info:
2024-12-13 12:02:36.580378 (378637) main____ INFO      virtual memory: unlimited
2024-12-13 12:02:36.580383 (378637) main____ INFO      cpu time      : unlimited
2024-12-13 12:02:36.580401 (378637) main____ INFO      processes     : 255240
2024-12-13 12:02:36.580412 (378637) main____ INFO      stack size    : 8388608 B
2024-12-13 12:02:36.580419 (378637) main____ INFO      core file size: 0 B
2024-12-13 12:02:36.580423 (378637) main____ INFO      open files    : 1024
2024-12-13 12:02:36.580426 (378637) main____ INFO      file size     : unlimited
2024-12-13 12:02:36.580429 (378637) main____ INFO    ----------------------------------------
2024-12-13 12:02:36.580431 (378637) main____ INFO    Memory statistics:
2024-12-13 12:02:36.580435 (378637) main____ INFO      total physical memory  : 65401528 kB
2024-12-13 12:02:36.580439 (378637) main____ INFO      free physical memory   : 13193972 kB
2024-12-13 12:02:36.580443 (378637) main____ INFO      committed address space: 232987692 kB
2024-12-13 12:02:36.580445 (378637) main____ INFO    ----------------------------------------
2024-12-13 12:02:36.581325 (378637) main____ INFO    Important environment variables:
2024-12-13 12:02:36.581356 (378637) main____ INFO      CDS_LIC_FILE       : '5280@bioeelincad.ee.columbia.edu'
2024-12-13 12:02:36.581361 (378637) main____ INFO      DISPLAY            : ':10'
2024-12-13 12:02:36.581366 (378637) main____ INFO      JASPER_CPU_CHECK   : '1'
2024-12-13 12:02:36.581369 (378637) main____ INFO      JASPER_INSTALL_DIR : '/tools/cadence/jasper_2024.06p002'
2024-12-13 12:02:36.581373 (378637) main____ INFO      JASPER_KERNEL_CHECK: '1'
2024-12-13 12:02:36.581376 (378637) main____ INFO      JASPER_OS_CHECK    : '1'
2024-12-13 12:02:36.581380 (378637) main____ INFO      LANG               : 'en_US.UTF-8'
2024-12-13 12:02:36.581382 (378637) main____ INFO    ----------------------------------------
2024-12-13 12:02:36.582049 (378637) lic_core INFO    Initializing license system ...
2024-12-13 12:02:36.591199 (378637) lic_core INFO    ... license system initialized.
2024-12-13 12:02:36.635602 (378637) lic__man INFO    Claim 'main' for <ui>.
2024-12-13 12:02:36.635646 (378637) lic_core INFO    (1) checking out 'jasper_interactive' ...
2024-12-13 12:02:36.654360 (378637) lic_core INFO    ... (1) checkout succeeded
2024-12-13 12:02:36.654411 (378637) lic__man INFO    Claim 'fpv' for <ui>.
2024-12-13 12:02:36.654431 (378637) lic_core INFO    (2) checking out 'jasper_fpv' ...
2024-12-13 12:02:36.659538 (378637) lic_core INFO    ... (2) checkout failed (error: -5) ("FLEXnet ERROR(-5, 0, 0): No such feature exists.")
2024-12-13 12:02:36.659580 (378637) lic_core INFO    (3) checking out 'jasper_fao' ...
2024-12-13 12:02:36.674737 (378637) lic_core INFO    ... (3) checkout succeeded
2024-12-13 12:02:36.675308 (378637) main____ INFO    Tool inactivity delay is 480000 ms.
2024-12-13 12:02:37.458232 (378637) lic__man INFO    Claim 'fpv' for <ui>.
2024-12-13 12:02:37.763294 (378637) lic__man INFO    Unclaim 'fpv' for <ui>.
2024-12-13 12:02:37.763342 (378637) lic__man INFO    Claim 'fpv' for <ui>.
2024-12-13 12:02:37.793000 (378637) session_ INFO    Starting analysis session with session id 'session_0' (launcher: <local>) ...
2024-12-13 12:02:37.795663 (378637) session_ INFO    Analysis session with session id 'session_0' started (pid: 378664)
2024-12-13 12:02:39.460478 (378637) session_ INFO    Analysis session 'session_0' connected to the console (host: 127.0.0.1:40336)
2024-12-13 12:02:40.055170 (378637) main____ INFO    Releasing console memory by request of analysis session 'session_0'.
2024-12-13 12:02:40.055967 (378637) lic__man INFO    Unclaim everything for 'session_0'.
2024-12-13 12:02:40.833506 (378637) lic__man INFO    Unclaim everything for 'session_0'.
2024-12-13 12:11:37.682436 (378637) lic__man INFO    Entering idle state.
2024-12-13 12:25:12.894243 (378637) lic__man INFO    Leaving idle state.
2024-12-13 12:25:13.014617 (378637) lic__man INFO    Claim 'fpv' for 'session_0'.
2024-12-13 12:25:13.014655 (378637) lic__man INFO    Claim 'fpv' for 'session_0/prove-0'.
2024-12-13 12:25:13.499049 (378637) lic__man INFO    Unclaim everything for 'session_0/prove-0'.
2024-12-13 12:25:16.937566 (378637) main____ INFO    Releasing console memory by request of analysis session 'session_0'.
2024-12-13 12:25:16.937723 (378637) lic__man INFO    Unclaim everything for 'session_0'.
2024-12-13 12:25:17.634792 (378637) lic__man INFO    Unclaim everything for 'session_0'.
2024-12-13 12:25:27.040133 (378637) lic__man INFO    Claim 'fpv' for 'session_0'.
2024-12-13 12:25:27.040173 (378637) lic__man INFO    Claim 'fpv' for 'session_0/prove-0'.
2024-12-13 12:25:27.444001 (378637) lic__man INFO    Unclaim everything for 'session_0/prove-0'.
2024-12-13 12:25:29.001626 (378637) lic__man INFO    Claim 'fpv' for 'session_0'.
2024-12-13 12:25:45.419946 (378637) lic__man INFO    Claim 'fpv' for 'session_0'.
2024-12-13 12:25:45.419994 (378637) lic__man INFO    Claim 'fpv' for 'session_0/prove-1'.
2024-12-13 12:25:45.667885 (378637) lic__man INFO    Unclaim everything for 'session_0/prove-1'.
2024-12-13 12:28:23.724788 (378637) main____ INFO    Releasing console memory by request of analysis session 'session_0'.
2024-12-13 12:28:23.725745 (378637) lic__man INFO    Unclaim everything for 'session_0'.
2024-12-13 12:28:24.533715 (378637) lic__man INFO    Unclaim everything for 'session_0'.
2024-12-13 12:28:27.044935 (378637) lic__man INFO    Claim 'fpv' for 'session_0'.
2024-12-13 12:28:27.044973 (378637) lic__man INFO    Claim 'fpv' for 'session_0/prove-0'.
2024-12-13 12:28:27.300963 (378637) lic__man INFO    Unclaim everything for 'session_0/prove-0'.
2024-12-13 12:32:23.520238 (378637) main____ INFO    Releasing console memory by request of analysis session 'session_0'.
2024-12-13 12:32:23.520366 (378637) lic__man INFO    Unclaim everything for 'session_0'.
2024-12-13 12:32:24.295653 (378637) lic__man INFO    Unclaim everything for 'session_0'.
2024-12-13 12:32:27.874376 (378637) lic__man INFO    Claim 'fpv' for 'session_0'.
2024-12-13 12:32:27.874421 (378637) lic__man INFO    Claim 'fpv' for 'session_0/prove-0'.
2024-12-13 12:32:28.041736 (378637) lic__man INFO    Unclaim everything for 'session_0/prove-0'.
2024-12-13 12:36:25.500611 (378637) main____ INFO    Releasing console memory by request of analysis session 'session_0'.
2024-12-13 12:36:25.500989 (378637) lic__man INFO    Unclaim everything for 'session_0'.
2024-12-13 12:36:26.323459 (378637) lic__man INFO    Unclaim everything for 'session_0'.
2024-12-13 12:36:38.307759 (378637) lic__man INFO    Claim 'fpv' for 'session_0'.
2024-12-13 12:36:38.307795 (378637) lic__man INFO    Claim 'fpv' for 'session_0/prove-0'.
2024-12-13 12:36:38.762811 (378637) lic__man INFO    Unclaim everything for 'session_0/prove-0'.
2024-12-13 12:44:38.682429 (378637) lic__man INFO    Entering idle state.
2024-12-13 13:10:35.483518 (378637) lic__man INFO    Leaving idle state.
2024-12-13 13:10:35.780269 (378637) main____ INFO    Releasing console memory by request of analysis session 'session_0'.
2024-12-13 13:10:35.780359 (378637) lic__man INFO    Unclaim everything for 'session_0'.
2024-12-13 13:11:06.393010 (378637) main____ INFO    Releasing console memory by request of analysis session 'session_0'.
2024-12-13 13:11:06.393145 (378637) lic__man INFO    Unclaim everything for 'session_0'.
2024-12-13 13:11:07.100396 (378637) lic__man INFO    Unclaim everything for 'session_0'.
2024-12-13 13:11:12.081068 (378637) lic__man INFO    Claim 'fpv' for 'session_0'.
2024-12-13 13:11:12.081107 (378637) lic__man INFO    Claim 'fpv' for 'session_0/prove-0'.
2024-12-13 13:11:12.277980 (378637) lic__man INFO    Unclaim everything for 'session_0/prove-0'.
2024-12-13 13:11:24.557264 (378637) main____ INFO    Releasing console memory by request of analysis session 'session_0'.
2024-12-13 13:11:24.557664 (378637) lic__man INFO    Unclaim everything for 'session_0'.
2024-12-13 13:11:25.332070 (378637) lic__man INFO    Unclaim everything for 'session_0'.
2024-12-13 13:11:26.801979 (378637) lic__man INFO    Claim 'fpv' for 'session_0'.
2024-12-13 13:11:26.802013 (378637) lic__man INFO    Claim 'fpv' for 'session_0/prove-0'.
2024-12-13 13:11:26.972051 (378637) lic__man INFO    Unclaim everything for 'session_0/prove-0'.
2024-12-13 13:11:35.329329 (378637) lic__man INFO    Claim 'fpv' for 'session_0'.
2024-12-13 13:11:35.329386 (378637) lic__man INFO    Claim 'fpv' for 'session_0/prove-1'.
2024-12-13 13:11:35.377405 (378637) lic__man INFO    Unclaim everything for 'session_0/prove-1'.
2024-12-13 13:11:35.490530 (378637) lic__man INFO    Claim 'fpv' for 'session_0'.
2024-12-13 13:11:35.490565 (378637) lic__man INFO    Claim 'fpv' for 'session_0/prove-2'.
2024-12-13 13:11:35.535821 (378637) lic__man INFO    Unclaim everything for 'session_0/prove-2'.
2024-12-13 13:11:37.219197 (378637) main____ INFO    Releasing console memory by request of analysis session 'session_0'.
2024-12-13 13:11:37.219388 (378637) lic__man INFO    Unclaim everything for 'session_0'.
2024-12-13 13:11:37.977691 (378637) lic__man INFO    Unclaim everything for 'session_0'.
2024-12-13 13:11:38.641804 (378637) lic__man INFO    Claim 'fpv' for 'session_0'.
2024-12-13 13:11:38.641839 (378637) lic__man INFO    Claim 'fpv' for 'session_0/prove-0'.
2024-12-13 13:11:39.077345 (378637) lic__man INFO    Unclaim everything for 'session_0/prove-0'.
2024-12-13 13:19:42.682475 (378637) lic__man INFO    Entering idle state.
2024-12-13 13:31:21.282266 (378637) lic__man INFO    Leaving idle state.
2024-12-13 13:31:21.562162 (378637) main____ INFO    Releasing console memory by request of analysis session 'session_0'.
2024-12-13 13:31:21.562538 (378637) lic__man INFO    Unclaim everything for 'session_0'.
2024-12-13 13:31:22.317094 (378637) lic__man INFO    Unclaim everything for 'session_0'.
2024-12-13 13:31:24.397297 (378637) lic__man INFO    Claim 'fpv' for 'session_0'.
2024-12-13 13:31:24.397336 (378637) lic__man INFO    Claim 'fpv' for 'session_0/prove-0'.
2024-12-13 13:31:24.779475 (378637) lic__man INFO    Unclaim everything for 'session_0/prove-0'.
2024-12-13 13:32:34.857270 (378637) main____ INFO    Releasing console memory by request of analysis session 'session_0'.
2024-12-13 13:32:34.857694 (378637) lic__man INFO    Unclaim everything for 'session_0'.
2024-12-13 13:32:35.727202 (378637) lic__man INFO    Unclaim everything for 'session_0'.
2024-12-13 13:32:38.814001 (378637) lic__man INFO    Claim 'fpv' for 'session_0'.
2024-12-13 13:32:38.814042 (378637) lic__man INFO    Claim 'fpv' for 'session_0/prove-0'.
2024-12-13 13:32:39.065797 (378637) lic__man INFO    Unclaim everything for 'session_0/prove-0'.
2024-12-13 13:39:58.256110 (378637) main____ INFO    Releasing console memory by request of analysis session 'session_0'.
2024-12-13 13:39:58.256291 (378637) lic__man INFO    Unclaim everything for 'session_0'.
2024-12-13 13:39:58.992610 (378637) lic__man INFO    Unclaim everything for 'session_0'.
2024-12-13 13:40:02.110098 (378637) lic__man INFO    Claim 'fpv' for 'session_0'.
2024-12-13 13:40:02.110164 (378637) lic__man INFO    Claim 'fpv' for 'session_0/prove-0'.
2024-12-13 13:40:02.546461 (378637) lic__man INFO    Unclaim everything for 'session_0/prove-0'.
2024-12-13 13:48:02.682264 (378637) lic__man INFO    Entering idle state.
